2023-02-13 07:01:50,897 INFO o.h.v.i.u.Version [background-preinit] HV000001: Hibernate Validator 6.2.5.Final
2023-02-13 07:01:50,927 INFO o.s.b.StartupInfoLogger [main] Starting DefineXPracticumFinalCaseApplication using Java 17.0.6 on DESKTOP-1G7A7EK with PID 18820 (C:\Users\musta\OneDrive\Masa端st端\DefineX\DefineX-Practicum-Final-Case\target\classes started by musta in C:\Users\musta\OneDrive\Masa端st端\DefineX\DefineX-Practicum-Final-Case)
2023-02-13 07:01:50,930 DEBUG o.s.b.StartupInfoLogger [main] Running with Spring Boot v2.7.8, Spring v5.3.25
2023-02-13 07:01:50,931 INFO o.s.b.SpringApplication [main] No active profile set, falling back to 1 default profile: "default"
2023-02-13 07:01:51,318 INFO o.s.d.r.c.RepositoryConfigurationDelegate [main] Bootstrapping Spring Data JPA repositories in DEFAULT mode.
2023-02-13 07:01:51,353 INFO o.s.d.r.c.RepositoryConfigurationDelegate [main] Finished Spring Data repository scanning in 30 ms. Found 2 JPA repository interfaces.
2023-02-13 07:01:51,642 INFO o.s.b.w.e.t.TomcatWebServer [main] Tomcat initialized with port(s): 8080 (http)
2023-02-13 07:01:51,653 INFO o.a.j.l.DirectJDKLog [main] Initializing ProtocolHandler ["http-nio-8080"]
2023-02-13 07:01:51,653 INFO o.a.j.l.DirectJDKLog [main] Starting service [Tomcat]
2023-02-13 07:01:51,653 INFO o.a.j.l.DirectJDKLog [main] Starting Servlet engine: [Apache Tomcat/9.0.71]
2023-02-13 07:01:51,717 INFO o.a.j.l.DirectJDKLog [main] Initializing Spring embedded WebApplicationContext
2023-02-13 07:01:51,717 INFO o.s.b.w.s.c.ServletWebServerApplicationContext [main] Root WebApplicationContext: initialization completed in 753 ms
2023-02-13 07:01:51,812 INFO o.h.j.i.u.LogHelper [main] HHH000204: Processing PersistenceUnitInfo [name: default]
2023-02-13 07:01:51,850 INFO o.h.Version [main] HHH000412: Hibernate ORM core version 5.6.14.Final
2023-02-13 07:01:51,960 INFO o.h.a.c.r.j.JavaReflectionManager [main] HCANN000001: Hibernate Commons Annotations {5.1.2.Final}
2023-02-13 07:01:52,023 INFO c.z.h.HikariDataSource [main] HikariPool-1 - Starting...
2023-02-13 07:01:52,131 INFO c.z.h.HikariDataSource [main] HikariPool-1 - Start completed.
2023-02-13 07:01:52,142 INFO o.h.d.Dialect [main] HHH000400: Using dialect: org.hibernate.dialect.PostgreSQLDialect
2023-02-13 07:01:52,575 INFO o.h.e.t.j.p.i.JtaPlatformInitiator [main] HHH000490: Using JtaPlatform implementation: [org.hibernate.engine.transaction.jta.platform.internal.NoJtaPlatform]
2023-02-13 07:01:52,582 INFO o.s.o.j.AbstractEntityManagerFactoryBean [main] Initialized JPA EntityManagerFactory for persistence unit 'default'
2023-02-13 07:01:52,810 WARN o.s.b.a.o.j.JpaBaseConfiguration$JpaWebConfiguration [main] spring.jpa.open-in-view is enabled by default. Therefore, database queries may be performed during view rendering. Explicitly configure spring.jpa.open-in-view to disable this warning
2023-02-13 07:01:52,988 INFO o.a.j.l.DirectJDKLog [main] Starting ProtocolHandler ["http-nio-8080"]
2023-02-13 07:01:53,001 INFO o.s.b.w.e.t.TomcatWebServer [main] Tomcat started on port(s): 8080 (http) with context path ''
2023-02-13 07:01:53,007 INFO o.s.b.StartupInfoLogger [main] Started DefineXPracticumFinalCaseApplication in 2.298 seconds (JVM running for 2.876)
2023-02-13 07:01:58,405 INFO o.a.j.l.DirectJDKLog [http-nio-8080-exec-2] Initializing Spring DispatcherServlet 'dispatcherServlet'
2023-02-13 07:01:58,405 INFO o.s.w.s.FrameworkServlet [http-nio-8080-exec-2] Initializing Servlet 'dispatcherServlet'
2023-02-13 07:01:58,406 INFO o.s.w.s.FrameworkServlet [http-nio-8080-exec-2] Completed initialization in 0 ms
2023-02-13 07:01:58,523 DEBUG c.f.D.c.FinancialInformationController [http-nio-8080-exec-2] REST Request to create new credit application: NewCreditRequest(name=asdasa, surname=sdgdsgds, identityNumber=sdgsdgsdgsdg, salary=5000.0, callNumber=s, birthDay=2000-01-14, assurance=50000.0)
2023-02-13 07:01:58,529 DEBUG c.f.D.s.i.FinancialInformationServiceImpl [http-nio-8080-exec-2] Request to create new credit application: NewCreditRequest(name=asdasa, surname=sdgdsgds, identityNumber=sdgsdgsdgsdg, salary=5000.0, callNumber=s, birthDay=2000-01-14, assurance=50000.0)
2023-02-13 07:01:58,529 DEBUG c.f.D.s.i.CustomerServiceImpl [http-nio-8080-exec-2] Request to save Customer: Customer(id=null, name=asdasa, surname=sdgdsgds, identityNumber=sdgsdgsdgsdg, callNumber=s, birthDay=2000-01-14, financialInformation=null)
2023-02-13 07:01:58,576 DEBUG c.f.D.s.i.CreditScoreServiseImpl [http-nio-8080-exec-2] Request to get CreditScore
2023-02-13 07:01:58,576 DEBUG c.f.D.s.i.FinancialInformationServiceImpl [http-nio-8080-exec-2] Request to get credit inquiry
2023-02-13 07:01:58,577 DEBUG c.f.D.s.i.FinancialInformationServiceImpl [http-nio-8080-exec-2] Request to update FinancialInformation : FinancialInformation(id=null, salary=5000.0, assurance=50000.0, creditScore=930.32447715965, creditLimit=30000.0, isAcceptedCredit=true, customer=Customer(id=75ca868b-11cf-425b-a8a9-3049bcc64276, name=asdasa, surname=sdgdsgds, identityNumber=sdgsdgsdgsdg, callNumber=s, birthDay=2000-01-14, financialInformation=null))
2023-02-13 07:02:58,349 DEBUG c.f.D.c.FinancialInformationController [http-nio-8080-exec-3] REST Request to get exist credit application: ExistCreditRequest(identityNumber=sdgsdgsdgsdg, birthDay=2000-01-14)
2023-02-13 07:02:58,350 DEBUG c.f.D.s.i.FinancialInformationServiceImpl [http-nio-8080-exec-3] Request to get exist credit application: ExistCreditRequest(identityNumber=sdgsdgsdgsdg, birthDay=2000-01-14)
